[/go/bin/app -c /go/bin/config.json serve]Incorrect Usage. flag provided but not defined: -c

NAME:
   merchant - the command for merchant

USAGE:
   app [global options] command [command options] [arguments...]

VERSION:
   0.0.1

AUTHOR:
   Example Human <human@example.com>

COMMANDS:
   serve    start merchant service
   help, h  Shows a list of commands or help for one command

GLOBAL OPTIONS:
   --config value  the config file relative path (default: "./config.json")
   --help, -h      show help
   --version, -v   print the version
[/go/bin/app -c /go/bin/config.json serve]Incorrect Usage. flag provided but not defined: -c

NAME:
   merchant - the command for merchant

USAGE:
   app [global options] command [command options] [arguments...]

VERSION:
   0.0.1

AUTHOR:
   Example Human <human@example.com>

COMMANDS:
   serve    start merchant service
   help, h  Shows a list of commands or help for one command

GLOBAL OPTIONS:
   --config value  the config file relative path (default: "./config.json")
   --help, -h      show help
   --version, -v   print the version
[/go/bin/app -c /go/bin/config.json serve]Incorrect Usage. flag provided but not defined: -c

NAME:
   merchant - the command for merchant

USAGE:
   app [global options] command [command options] [arguments...]

VERSION:
   0.0.1

AUTHOR:
   Example Human <human@example.com>

COMMANDS:
   serve    start merchant service
   help, h  Shows a list of commands or help for one command

GLOBAL OPTIONS:
   --config value  the config file relative path (default: "./config.json")
   --help, -h      show help
   --version, -v   print the version
[/go/bin/app -c /go/bin/config.json serve]Incorrect Usage. flag provided but not defined: -c

NAME:
   merchant - the command for merchant

USAGE:
   app [global options] command [command options] [arguments...]

VERSION:
   0.0.1

AUTHOR:
   Example Human <human@example.com>

COMMANDS:
   serve    start merchant service
   help, h  Shows a list of commands or help for one command

GLOBAL OPTIONS:
   --config value  the config file relative path (default: "./config.json")
   --help, -h      show help
   --version, -v   print the version
[/go/bin/app -c /go/bin/config.json serve]Incorrect Usage. flag provided but not defined: -c

NAME:
   merchant - the command for merchant

USAGE:
   app [global options] command [command options] [arguments...]

VERSION:
   0.0.1

AUTHOR:
   Example Human <human@example.com>

COMMANDS:
   serve    start merchant service
   help, h  Shows a list of commands or help for one command

GLOBAL OPTIONS:
   --config value  the config file relative path (default: "./config.json")
   --help, -h      show help
   --version, -v   print the version
[/go/bin/app -c /go/bin/config.json serve]Incorrect Usage. flag provided but not defined: -c

NAME:
   merchant - the command for merchant

USAGE:
   app [global options] command [command options] [arguments...]

VERSION:
   0.0.1

AUTHOR:
   Example Human <human@example.com>

COMMANDS:
   serve    start merchant service
   help, h  Shows a list of commands or help for one command

GLOBAL OPTIONS:
   --config value  the config file relative path (default: "./config.json")
   --help, -h      show help
   --version, -v   print the version
[/go/bin/app -c /go/bin/config.json serve]Incorrect Usage. flag provided but not defined: -c

NAME:
   merchant - the command for merchant

USAGE:
   app [global options] command [command options] [arguments...]

VERSION:
   0.0.1

AUTHOR:
   Example Human <human@example.com>

COMMANDS:
   serve    start merchant service
   help, h  Shows a list of commands or help for one command

GLOBAL OPTIONS:
   --config value  the config file relative path (default: "./config.json")
   --help, -h      show help
   --version, -v   print the version
[/go/bin/app -c /go/bin/config.json serve]Incorrect Usage. flag provided but not defined: -c

NAME:
   merchant - the command for merchant

USAGE:
   app [global options] command [command options] [arguments...]

VERSION:
   0.0.1

AUTHOR:
   Example Human <human@example.com>

COMMANDS:
   serve    start merchant service
   help, h  Shows a list of commands or help for one command

GLOBAL OPTIONS:
   --config value  the config file relative path (default: "./config.json")
   --help, -h      show help
   --version, -v   print the version
[/go/bin/app -c /go/bin/config.json serve]Incorrect Usage. flag provided but not defined: -c

NAME:
   merchant - the command for merchant

USAGE:
   app [global options] command [command options] [arguments...]

VERSION:
   0.0.1

AUTHOR:
   Example Human <human@example.com>

COMMANDS:
   serve    start merchant service
   help, h  Shows a list of commands or help for one command

GLOBAL OPTIONS:
   --config value  the config file relative path (default: "./config.json")
   --help, -h      show help
   --version, -v   print the version
[/go/bin/app -c /go/bin/config.json serve]Incorrect Usage. flag provided but not defined: -c

NAME:
   merchant - the command for merchant

USAGE:
   app [global options] command [command options] [arguments...]

VERSION:
   0.0.1

AUTHOR:
   Example Human <human@example.com>

COMMANDS:
   serve    start merchant service
   help, h  Shows a list of commands or help for one command

GLOBAL OPTIONS:
   --config value  the config file relative path (default: "./config.json")
   --help, -h      show help
   --version, -v   print the version
[/go/bin/app -c /go/bin/config.json serve]Incorrect Usage. flag provided but not defined: -c

NAME:
   merchant - the command for merchant

USAGE:
   app [global options] command [command options] [arguments...]

VERSION:
   0.0.1

AUTHOR:
   Example Human <human@example.com>

COMMANDS:
   serve    start merchant service
   help, h  Shows a list of commands or help for one command

GLOBAL OPTIONS:
   --config value  the config file relative path (default: "./config.json")
   --help, -h      show help
   --version, -v   print the version
[/go/bin/app -c /go/bin/config.json serve]Incorrect Usage. flag provided but not defined: -c

NAME:
   merchant - the command for merchant

USAGE:
   app [global options] command [command options] [arguments...]

VERSION:
   0.0.1

AUTHOR:
   Example Human <human@example.com>

COMMANDS:
   serve    start merchant service
   help, h  Shows a list of commands or help for one command

GLOBAL OPTIONS:
   --config value  the config file relative path (default: "./config.json")
   --help, -h      show help
   --version, -v   print the version
[/go/bin/app -c /go/bin/config.json serve]Incorrect Usage. flag provided but not defined: -c

NAME:
   merchant - the command for merchant

USAGE:
   app [global options] command [command options] [arguments...]

VERSION:
   0.0.1

AUTHOR:
   Example Human <human@example.com>

COMMANDS:
   serve    start merchant service
   help, h  Shows a list of commands or help for one command

GLOBAL OPTIONS:
   --config value  the config file relative path (default: "./config.json")
   --help, -h      show help
   --version, -v   print the version
[/go/bin/app -c /go/bin/config.json serve]Incorrect Usage. flag provided but not defined: -c

NAME:
   merchant - the command for merchant

USAGE:
   app [global options] command [command options] [arguments...]

VERSION:
   0.0.1

AUTHOR:
   Example Human <human@example.com>

COMMANDS:
   serve    start merchant service
   help, h  Shows a list of commands or help for one command

GLOBAL OPTIONS:
   --config value  the config file relative path (default: "./config.json")
   --help, -h      show help
   --version, -v   print the version
[/go/bin/app -c /go/bin/config.json serve]Incorrect Usage. flag provided but not defined: -c

NAME:
   merchant - the command for merchant

USAGE:
   app [global options] command [command options] [arguments...]

VERSION:
   0.0.1

AUTHOR:
   Example Human <human@example.com>

COMMANDS:
   serve    start merchant service
   help, h  Shows a list of commands or help for one command

GLOBAL OPTIONS:
   --config value  the config file relative path (default: "./config.json")
   --help, -h      show help
   --version, -v   print the version
[/go/bin/app -c /go/bin/config.json serve]Incorrect Usage. flag provided but not defined: -c

NAME:
   merchant - the command for merchant

USAGE:
   app [global options] command [command options] [arguments...]

VERSION:
   0.0.1

AUTHOR:
   Example Human <human@example.com>

COMMANDS:
   serve    start merchant service
   help, h  Shows a list of commands or help for one command

GLOBAL OPTIONS:
   --config value  the config file relative path (default: "./config.json")
   --help, -h      show help
   --version, -v   print the version
[/go/bin/app -c /go/bin/config.json serve]Incorrect Usage. flag provided but not defined: -c

NAME:
   merchant - the command for merchant

USAGE:
   app [global options] command [command options] [arguments...]

VERSION:
   0.0.1

AUTHOR:
   Example Human <human@example.com>

COMMANDS:
   serve    start merchant service
   help, h  Shows a list of commands or help for one command

GLOBAL OPTIONS:
   --config value  the config file relative path (default: "./config.json")
   --help, -h      show help
   --version, -v   print the version
[/go/bin/app -c /go/bin/config.json serve]Incorrect Usage. flag provided but not defined: -c

NAME:
   merchant - the command for merchant

USAGE:
   app [global options] command [command options] [arguments...]

VERSION:
   0.0.1

AUTHOR:
   Example Human <human@example.com>

COMMANDS:
   serve    start merchant service
   help, h  Shows a list of commands or help for one command

GLOBAL OPTIONS:
   --config value  the config file relative path (default: "./config.json")
   --help, -h      show help
   --version, -v   print the version
[/go/bin/app -c /go/bin/config.json serve]Incorrect Usage. flag provided but not defined: -c

NAME:
   merchant - the command for merchant

USAGE:
   app [global options] command [command options] [arguments...]

VERSION:
   0.0.1

AUTHOR:
   Example Human <human@example.com>

COMMANDS:
   serve    start merchant service
   help, h  Shows a list of commands or help for one command

GLOBAL OPTIONS:
   --config value  the config file relative path (default: "./config.json")
   --help, -h      show help
   --version, -v   print the version
[/go/bin/app -c /go/bin/config.json serve]Incorrect Usage. flag provided but not defined: -c

NAME:
   merchant - the command for merchant

USAGE:
   app [global options] command [command options] [arguments...]

VERSION:
   0.0.1

AUTHOR:
   Example Human <human@example.com>

COMMANDS:
   serve    start merchant service
   help, h  Shows a list of commands or help for one command

GLOBAL OPTIONS:
   --config value  the config file relative path (default: "./config.json")
   --help, -h      show help
   --version, -v   print the version
[/go/bin/app -c /go/bin/config.json serve]Incorrect Usage. flag provided but not defined: -c

NAME:
   merchant - the command for merchant

USAGE:
   app [global options] command [command options] [arguments...]

VERSION:
   0.0.1

AUTHOR:
   Example Human <human@example.com>

COMMANDS:
   serve    start merchant service
   help, h  Shows a list of commands or help for one command

GLOBAL OPTIONS:
   --config value  the config file relative path (default: "./config.json")
   --help, -h      show help
   --version, -v   print the version
[/go/bin/app -c /go/bin/config.json serve]Incorrect Usage. flag provided but not defined: -c

NAME:
   merchant - the command for merchant

USAGE:
   app [global options] command [command options] [arguments...]

VERSION:
   0.0.1

AUTHOR:
   Example Human <human@example.com>

COMMANDS:
   serve    start merchant service
   help, h  Shows a list of commands or help for one command

GLOBAL OPTIONS:
   --config value  the config file relative path (default: "./config.json")
   --help, -h      show help
   --version, -v   print the version
[/go/bin/app -c /go/bin/config.json serve]Incorrect Usage. flag provided but not defined: -c

NAME:
   merchant - the command for merchant

USAGE:
   app [global options] command [command options] [arguments...]

VERSION:
   0.0.1

AUTHOR:
   Example Human <human@example.com>

COMMANDS:
   serve    start merchant service
   help, h  Shows a list of commands or help for one command

GLOBAL OPTIONS:
   --config value  the config file relative path (default: "./config.json")
   --help, -h      show help
   --version, -v   print the version
[/go/bin/app -c /go/bin/config.json serve]Incorrect Usage. flag provided but not defined: -c

NAME:
   merchant - the command for merchant

USAGE:
   app [global options] command [command options] [arguments...]

VERSION:
   0.0.1

AUTHOR:
   Example Human <human@example.com>

COMMANDS:
   serve    start merchant service
   help, h  Shows a list of commands or help for one command

GLOBAL OPTIONS:
   --config value  the config file relative path (default: "./config.json")
   --help, -h      show help
   --version, -v   print the version
[/go/bin/app -c /go/bin/config.json serve]Incorrect Usage. flag provided but not defined: -c

NAME:
   merchant - the command for merchant

USAGE:
   app [global options] command [command options] [arguments...]

VERSION:
   0.0.1

AUTHOR:
   Example Human <human@example.com>

COMMANDS:
   serve    start merchant service
   help, h  Shows a list of commands or help for one command

GLOBAL OPTIONS:
   --config value  the config file relative path (default: "./config.json")
   --help, -h      show help
   --version, -v   print the version
[/go/bin/app -c /go/bin/config.json serve]Incorrect Usage. flag provided but not defined: -c

NAME:
   merchant - the command for merchant

USAGE:
   app [global options] command [command options] [arguments...]

VERSION:
   0.0.1

AUTHOR:
   Example Human <human@example.com>

COMMANDS:
   serve    start merchant service
   help, h  Shows a list of commands or help for one command

GLOBAL OPTIONS:
   --config value  the config file relative path (default: "./config.json")
   --help, -h      show help
   --version, -v   print the version
[/go/bin/app -c /go/bin/config.json serve]Incorrect Usage. flag provided but not defined: -c

NAME:
   merchant - the command for merchant

USAGE:
   app [global options] command [command options] [arguments...]

VERSION:
   0.0.1

AUTHOR:
   Example Human <human@example.com>

COMMANDS:
   serve    start merchant service
   help, h  Shows a list of commands or help for one command

GLOBAL OPTIONS:
   --config value  the config file relative path (default: "./config.json")
   --help, -h      show help
   --version, -v   print the version
[/go/bin/app -c /go/bin/config.json serve]Incorrect Usage. flag provided but not defined: -c

NAME:
   merchant - the command for merchant

USAGE:
   app [global options] command [command options] [arguments...]

VERSION:
   0.0.1

AUTHOR:
   Example Human <human@example.com>

COMMANDS:
   serve    start merchant service
   help, h  Shows a list of commands or help for one command

GLOBAL OPTIONS:
   --config value  the config file relative path (default: "./config.json")
   --help, -h      show help
   --version, -v   print the version
[/go/bin/app -c /go/bin/config.json serve]Incorrect Usage. flag provided but not defined: -c

NAME:
   merchant - the command for merchant

USAGE:
   app [global options] command [command options] [arguments...]

VERSION:
   0.0.1

AUTHOR:
   Example Human <human@example.com>

COMMANDS:
   serve    start merchant service
   help, h  Shows a list of commands or help for one command

GLOBAL OPTIONS:
   --config value  the config file relative path (default: "./config.json")
   --help, -h      show help
   --version, -v   print the version
[/go/bin/app -c /go/bin/config.json serve]Incorrect Usage. flag provided but not defined: -c

NAME:
   merchant - the command for merchant

USAGE:
   app [global options] command [command options] [arguments...]

VERSION:
   0.0.1

AUTHOR:
   Example Human <human@example.com>

COMMANDS:
   serve    start merchant service
   help, h  Shows a list of commands or help for one command

GLOBAL OPTIONS:
   --config value  the config file relative path (default: "./config.json")
   --help, -h      show help
   --version, -v   print the version
[/go/bin/app -c /go/bin/config.json serve]Incorrect Usage. flag provided but not defined: -c

NAME:
   merchant - the command for merchant

USAGE:
   app [global options] command [command options] [arguments...]

VERSION:
   0.0.1

AUTHOR:
   Example Human <human@example.com>

COMMANDS:
   serve    start merchant service
   help, h  Shows a list of commands or help for one command

GLOBAL OPTIONS:
   --config value  the config file relative path (default: "./config.json")
   --help, -h      show help
   --version, -v   print the version
[/go/bin/app -c /go/bin/config.json serve]Incorrect Usage. flag provided but not defined: -c

NAME:
   merchant - the command for merchant

USAGE:
   app [global options] command [command options] [arguments...]

VERSION:
   0.0.1

AUTHOR:
   Example Human <human@example.com>

COMMANDS:
   serve    start merchant service
   help, h  Shows a list of commands or help for one command

GLOBAL OPTIONS:
   --config value  the config file relative path (default: "./config.json")
   --help, -h      show help
   --version, -v   print the version
[/go/bin/app -c /go/bin/config.json serve]Incorrect Usage. flag provided but not defined: -c

NAME:
   merchant - the command for merchant

USAGE:
   app [global options] command [command options] [arguments...]

VERSION:
   0.0.1

AUTHOR:
   Example Human <human@example.com>

COMMANDS:
   serve    start merchant service
   help, h  Shows a list of commands or help for one command

GLOBAL OPTIONS:
   --config value  the config file relative path (default: "./config.json")
   --help, -h      show help
   --version, -v   print the version
[/go/bin/app -c /go/bin/config.json serve]Incorrect Usage. flag provided but not defined: -c

NAME:
   merchant - the command for merchant

USAGE:
   app [global options] command [command options] [arguments...]

VERSION:
   0.0.1

AUTHOR:
   Example Human <human@example.com>

COMMANDS:
   serve    start merchant service
   help, h  Shows a list of commands or help for one command

GLOBAL OPTIONS:
   --config value  the config file relative path (default: "./config.json")
   --help, -h      show help
   --version, -v   print the version
[/go/bin/app -c /go/bin/config.json serve]Incorrect Usage. flag provided but not defined: -c

NAME:
   merchant - the command for merchant

USAGE:
   app [global options] command [command options] [arguments...]

VERSION:
   0.0.1

AUTHOR:
   Example Human <human@example.com>

COMMANDS:
   serve    start merchant service
   help, h  Shows a list of commands or help for one command

GLOBAL OPTIONS:
   --config value  the config file relative path (default: "./config.json")
   --help, -h      show help
   --version, -v   print the version
[/go/bin/app -c /go/bin/config.json serve]Incorrect Usage. flag provided but not defined: -c

NAME:
   merchant - the command for merchant

USAGE:
   app [global options] command [command options] [arguments...]

VERSION:
   0.0.1

AUTHOR:
   Example Human <human@example.com>

COMMANDS:
   serve    start merchant service
   help, h  Shows a list of commands or help for one command

GLOBAL OPTIONS:
   --config value  the config file relative path (default: "./config.json")
   --help, -h      show help
   --version, -v   print the version
[/go/bin/app -c /go/bin/config.json serve]Incorrect Usage. flag provided but not defined: -c

NAME:
   merchant - the command for merchant

USAGE:
   app [global options] command [command options] [arguments...]

VERSION:
   0.0.1

AUTHOR:
   Example Human <human@example.com>

COMMANDS:
   serve    start merchant service
   help, h  Shows a list of commands or help for one command

GLOBAL OPTIONS:
   --config value  the config file relative path (default: "./config.json")
   --help, -h      show help
   --version, -v   print the version
[/go/bin/app -c /go/bin/config.json serve]Incorrect Usage. flag provided but not defined: -c

NAME:
   merchant - the command for merchant

USAGE:
   app [global options] command [command options] [arguments...]

VERSION:
   0.0.1

AUTHOR:
   Example Human <human@example.com>

COMMANDS:
   serve    start merchant service
   help, h  Shows a list of commands or help for one command

GLOBAL OPTIONS:
   --config value  the config file relative path (default: "./config.json")
   --help, -h      show help
   --version, -v   print the version
[/go/bin/app -c /go/bin/config.json serve]Incorrect Usage. flag provided but not defined: -c

NAME:
   merchant - the command for merchant

USAGE:
   app [global options] command [command options] [arguments...]

VERSION:
   0.0.1

AUTHOR:
   Example Human <human@example.com>

COMMANDS:
   serve    start merchant service
   help, h  Shows a list of commands or help for one command

GLOBAL OPTIONS:
   --config value  the config file relative path (default: "./config.json")
   --help, -h      show help
   --version, -v   print the version
[/go/bin/app -c /go/bin/config.json serve]Incorrect Usage. flag provided but not defined: -c

NAME:
   merchant - the command for merchant

USAGE:
   app [global options] command [command options] [arguments...]

VERSION:
   0.0.1

AUTHOR:
   Example Human <human@example.com>

COMMANDS:
   serve    start merchant service
   help, h  Shows a list of commands or help for one command

GLOBAL OPTIONS:
   --config value  the config file relative path (default: "./config.json")
   --help, -h      show help
   --version, -v   print the version
[/go/bin/app -c /go/bin/config.json serve]Incorrect Usage. flag provided but not defined: -c

NAME:
   merchant - the command for merchant

USAGE:
   app [global options] command [command options] [arguments...]

VERSION:
   0.0.1

AUTHOR:
   Example Human <human@example.com>

COMMANDS:
   serve    start merchant service
   help, h  Shows a list of commands or help for one command

GLOBAL OPTIONS:
   --config value  the config file relative path (default: "./config.json")
   --help, -h      show help
   --version, -v   print the version
[/go/bin/app -c /go/bin/config.json serve]Incorrect Usage. flag provided but not defined: -c

NAME:
   merchant - the command for merchant

USAGE:
   app [global options] command [command options] [arguments...]

VERSION:
   0.0.1

AUTHOR:
   Example Human <human@example.com>

COMMANDS:
   serve    start merchant service
   help, h  Shows a list of commands or help for one command

GLOBAL OPTIONS:
   --config value  the config file relative path (default: "./config.json")
   --help, -h      show help
   --version, -v   print the version
[/go/bin/app -c /go/bin/config.json serve]Incorrect Usage. flag provided but not defined: -c

NAME:
   merchant - the command for merchant

USAGE:
   app [global options] command [command options] [arguments...]

VERSION:
   0.0.1

AUTHOR:
   Example Human <human@example.com>

COMMANDS:
   serve    start merchant service
   help, h  Shows a list of commands or help for one command

GLOBAL OPTIONS:
   --config value  the config file relative path (default: "./config.json")
   --help, -h      show help
   --version, -v   print the version
[/go/bin/app -c /go/bin/config.json serve]Incorrect Usage. flag provided but not defined: -c

NAME:
   merchant - the command for merchant

USAGE:
   app [global options] command [command options] [arguments...]

VERSION:
   0.0.1

AUTHOR:
   Example Human <human@example.com>

COMMANDS:
   serve    start merchant service
   help, h  Shows a list of commands or help for one command

GLOBAL OPTIONS:
   --config value  the config file relative path (default: "./config.json")
   --help, -h      show help
   --version, -v   print the version
[/go/bin/app -c /go/bin/config.json serve]Incorrect Usage. flag provided but not defined: -c

NAME:
   merchant - the command for merchant

USAGE:
   app [global options] command [command options] [arguments...]

VERSION:
   0.0.1

AUTHOR:
   Example Human <human@example.com>

COMMANDS:
   serve    start merchant service
   help, h  Shows a list of commands or help for one command

GLOBAL OPTIONS:
   --config value  the config file relative path (default: "./config.json")
   --help, -h      show help
   --version, -v   print the version
[/go/bin/app -c /go/bin/config.json serve]Incorrect Usage. flag provided but not defined: -c

NAME:
   merchant - the command for merchant

USAGE:
   app [global options] command [command options] [arguments...]

VERSION:
   0.0.1

AUTHOR:
   Example Human <human@example.com>

COMMANDS:
   serve    start merchant service
   help, h  Shows a list of commands or help for one command

GLOBAL OPTIONS:
   --config value  the config file relative path (default: "./config.json")
   --help, -h      show help
   --version, -v   print the version
[/go/bin/app -c /go/bin/config.json serve]Incorrect Usage. flag provided but not defined: -c

NAME:
   merchant - the command for merchant

USAGE:
   app [global options] command [command options] [arguments...]

VERSION:
   0.0.1

AUTHOR:
   Example Human <human@example.com>

COMMANDS:
   serve    start merchant service
   help, h  Shows a list of commands or help for one command

GLOBAL OPTIONS:
   --config value  the config file relative path (default: "./config.json")
   --help, -h      show help
   --version, -v   print the version
[/go/bin/app -c /go/bin/config.json serve]Incorrect Usage. flag provided but not defined: -c

NAME:
   merchant - the command for merchant

USAGE:
   app [global options] command [command options] [arguments...]

VERSION:
   0.0.1

AUTHOR:
   Example Human <human@example.com>

COMMANDS:
   serve    start merchant service
   help, h  Shows a list of commands or help for one command

GLOBAL OPTIONS:
   --config value  the config file relative path (default: "./config.json")
   --help, -h      show help
   --version, -v   print the version
[/go/bin/app -c /go/bin/config.json serve]Incorrect Usage. flag provided but not defined: -c

NAME:
   merchant - the command for merchant

USAGE:
   app [global options] command [command options] [arguments...]

VERSION:
   0.0.1

AUTHOR:
   Example Human <human@example.com>

COMMANDS:
   serve    start merchant service
   help, h  Shows a list of commands or help for one command

GLOBAL OPTIONS:
   --config value  the config file relative path (default: "./config.json")
   --help, -h      show help
   --version, -v   print the version
[/go/bin/app -c /go/bin/config.json serve]Incorrect Usage. flag provided but not defined: -c

NAME:
   merchant - the command for merchant

USAGE:
   app [global options] command [command options] [arguments...]

VERSION:
   0.0.1

AUTHOR:
   Example Human <human@example.com>

COMMANDS:
   serve    start merchant service
   help, h  Shows a list of commands or help for one command

GLOBAL OPTIONS:
   --config value  the config file relative path (default: "./config.json")
   --help, -h      show help
   --version, -v   print the version
[/go/bin/app -c /go/bin/config.json serve]Incorrect Usage. flag provided but not defined: -c

NAME:
   merchant - the command for merchant

USAGE:
   app [global options] command [command options] [arguments...]

VERSION:
   0.0.1

AUTHOR:
   Example Human <human@example.com>

COMMANDS:
   serve    start merchant service
   help, h  Shows a list of commands or help for one command

GLOBAL OPTIONS:
   --config value  the config file relative path (default: "./config.json")
   --help, -h      show help
   --version, -v   print the version
[/go/bin/app -c /go/bin/config.json serve]Incorrect Usage. flag provided but not defined: -c

NAME:
   merchant - the command for merchant

USAGE:
   app [global options] command [command options] [arguments...]

VERSION:
   0.0.1

AUTHOR:
   Example Human <human@example.com>

COMMANDS:
   serve    start merchant service
   help, h  Shows a list of commands or help for one command

GLOBAL OPTIONS:
   --config value  the config file relative path (default: "./config.json")
   --help, -h      show help
   --version, -v   print the version
[/go/bin/app -c /go/bin/config.json serve]Incorrect Usage. flag provided but not defined: -c

NAME:
   merchant - the command for merchant

USAGE:
   app [global options] command [command options] [arguments...]

VERSION:
   0.0.1

AUTHOR:
   Example Human <human@example.com>

COMMANDS:
   serve    start merchant service
   help, h  Shows a list of commands or help for one command

GLOBAL OPTIONS:
   --config value  the config file relative path (default: "./config.json")
   --help, -h      show help
   --version, -v   print the version
[/go/bin/app -c /go/bin/config.json serve]Incorrect Usage. flag provided but not defined: -c

NAME:
   merchant - the command for merchant

USAGE:
   app [global options] command [command options] [arguments...]

VERSION:
   0.0.1

AUTHOR:
   Example Human <human@example.com>

COMMANDS:
   serve    start merchant service
   help, h  Shows a list of commands or help for one command

GLOBAL OPTIONS:
   --config value  the config file relative path (default: "./config.json")
   --help, -h      show help
   --version, -v   print the version
[/go/bin/app -c /go/bin/config.json serve]Incorrect Usage. flag provided but not defined: -c

NAME:
   merchant - the command for merchant

USAGE:
   app [global options] command [command options] [arguments...]

VERSION:
   0.0.1

AUTHOR:
   Example Human <human@example.com>

COMMANDS:
   serve    start merchant service
   help, h  Shows a list of commands or help for one command

GLOBAL OPTIONS:
   --config value  the config file relative path (default: "./config.json")
   --help, -h      show help
   --version, -v   print the version
[/go/bin/app -c /go/bin/config.json serve]Incorrect Usage. flag provided but not defined: -c

NAME:
   merchant - the command for merchant

USAGE:
   app [global options] command [command options] [arguments...]

VERSION:
   0.0.1

AUTHOR:
   Example Human <human@example.com>

COMMANDS:
   serve    start merchant service
   help, h  Shows a list of commands or help for one command

GLOBAL OPTIONS:
   --config value  the config file relative path (default: "./config.json")
   --help, -h      show help
   --version, -v   print the version
[/go/bin/app -c /go/bin/config.json serve]Incorrect Usage. flag provided but not defined: -c

NAME:
   merchant - the command for merchant

USAGE:
   app [global options] command [command options] [arguments...]

VERSION:
   0.0.1

AUTHOR:
   Example Human <human@example.com>

COMMANDS:
   serve    start merchant service
   help, h  Shows a list of commands or help for one command

GLOBAL OPTIONS:
   --config value  the config file relative path (default: "./config.json")
   --help, -h      show help
   --version, -v   print the version
[/go/bin/app -c /go/bin/config.json serve]Incorrect Usage. flag provided but not defined: -c

NAME:
   merchant - the command for merchant

USAGE:
   app [global options] command [command options] [arguments...]

VERSION:
   0.0.1

AUTHOR:
   Example Human <human@example.com>

COMMANDS:
   serve    start merchant service
   help, h  Shows a list of commands or help for one command

GLOBAL OPTIONS:
   --config value  the config file relative path (default: "./config.json")
   --help, -h      show help
   --version, -v   print the version
[/go/bin/app -c /go/bin/config.json serve]2019/09/04 04:17:44 listen on 3062
time="2019-09-04T04:17:46Z" level=debug msg="dial tcp 172.19.0.2:5432: connect: connection refused, Stackframe: [context.go:47 context.go:92 context.go:61 router.go:37 server.go:1995 mux.go:212 serve.go:21 logging.go:45 server.go:2774 server.go:1878 asm_amd64.s:1337]"
172.19.0.5 - - [04/Sep/2019:04:17:46 +0000] "POST /v1/auth HTTP/1.1" 400 176 "" "PostmanRuntime/6.2.5"
2019/09/04 04:17:46 ResponseBody:{"errors":[{"code":400,"detail":"dial tcp 172.19.0.2:5432: connect: connection refused","meta":{"file":"/go/src/gitlab.com/zxtang/merchant/application/router.go","line":39}}]}
2019/09/04 05:58:06 auth create result body: <head>
<title>Error response</title>
</head>
<body>
<h1>Error response</h1>
<p>Error code 400.
<p>Message: Bad Request.
</body>

time="2019-09-04T05:58:06Z" level=debug msg="invalid character '<' looking for beginning of value, Stackframe: [httpAuthAdapter.go:77 httpAuthAdapter.go:132 service.go:52 router.go:42 server.go:1995 mux.go:212 serve.go:21 logging.go:45 server.go:2774 server.go:1878 asm_amd64.s:1337]"
2019/09/04 05:58:06 ResponseBody:{"errors":[{"code":400,"detail":"invalid character '\u003c' looking for beginning of value","meta":{"file":"/go/src/gitlab.com/zxtang/merchant/application/router.go","line":44}}]}
172.19.0.5 - - [04/Sep/2019:05:58:06 +0000] "POST /v1/auth HTTP/1.1" 400 180 "" "PostmanRuntime/6.2.5"
2019/09/04 05:58:54 auth create result body: <head>
<title>Error response</title>
</head>
<body>
<h1>Error response</h1>
<p>Error code 400.
<p>Message: Bad Request.
</body>

time="2019-09-04T05:58:54Z" level=debug msg="invalid character '<' looking for beginning of value, Stackframe: [httpAuthAdapter.go:77 httpAuthAdapter.go:132 service.go:52 router.go:42 server.go:1995 mux.go:212 serve.go:21 logging.go:45 server.go:2774 server.go:1878 asm_amd64.s:1337]"
172.19.0.5 - - [04/Sep/2019:05:58:54 +0000] "POST /v1/auth HTTP/1.1" 400 180 "" "PostmanRuntime/6.2.5"
2019/09/04 05:58:54 ResponseBody:{"errors":[{"code":400,"detail":"invalid character '\u003c' looking for beginning of value","meta":{"file":"/go/src/gitlab.com/zxtang/merchant/application/router.go","line":44}}]}
2019/09/04 05:59:16 auth create result body: <head>
<title>Error response</title>
</head>
<body>
<h1>Error response</h1>
<p>Error code 400.
<p>Message: Bad Request.
</body>

time="2019-09-04T05:59:16Z" level=debug msg="invalid character '<' looking for beginning of value, Stackframe: [httpAuthAdapter.go:77 httpAuthAdapter.go:132 service.go:52 router.go:42 server.go:1995 mux.go:212 serve.go:21 logging.go:45 server.go:2774 server.go:1878 asm_amd64.s:1337]"
172.19.0.5 - - [04/Sep/2019:05:59:16 +0000] "POST /v1/auth HTTP/1.1" 400 180 "" "PostmanRuntime/6.2.5"
2019/09/04 05:59:16 ResponseBody:{"errors":[{"code":400,"detail":"invalid character '\u003c' looking for beginning of value","meta":{"file":"/go/src/gitlab.com/zxtang/merchant/application/router.go","line":44}}]}
172.19.0.5 - - [04/Sep/2019:05:59:27 +0000] "POST /v1/auth HTTP/1.1" 400 180 "" "PostmanRuntime/6.2.5"
2019/09/04 05:59:27 auth create result body: <head>
<title>Error response</title>
</head>
<body>
<h1>Error response</h1>
<p>Error code 400.
<p>Message: Bad Request.
</body>

time="2019-09-04T05:59:27Z" level=debug msg="invalid character '<' looking for beginning of value, Stackframe: [httpAuthAdapter.go:77 httpAuthAdapter.go:132 service.go:52 router.go:42 server.go:1995 mux.go:212 serve.go:21 logging.go:45 server.go:2774 server.go:1878 asm_amd64.s:1337]"
2019/09/04 05:59:27 ResponseBody:{"errors":[{"code":400,"detail":"invalid character '\u003c' looking for beginning of value","meta":{"file":"/go/src/gitlab.com/zxtang/merchant/application/router.go","line":44}}]}
[/go/bin/app -c /go/bin/config.json serve]2019/09/04 06:00:29 listen on 3062
2019/09/04 06:00:32 auth create result body: <head>
<title>Error response</title>
</head>
<body>
<h1>Error response</h1>
<p>Error code 400.
<p>Message: Bad Request.
</body>

172.19.0.5 - - [04/Sep/2019:06:00:32 +0000] "POST /v1/auth HTTP/1.1" 400 180 "" "PostmanRuntime/6.2.5"
time="2019-09-04T06:00:32Z" level=debug msg="invalid character '<' looking for beginning of value, Stackframe: [httpAuthAdapter.go:77 httpAuthAdapter.go:132 service.go:52 router.go:42 server.go:1995 mux.go:212 serve.go:21 logging.go:45 server.go:2774 server.go:1878 asm_amd64.s:1337]"
2019/09/04 06:00:32 ResponseBody:{"errors":[{"code":400,"detail":"invalid character '\u003c' looking for beginning of value","meta":{"file":"/go/src/gitlab.com/zxtang/merchant/application/router.go","line":44}}]}
[/go/bin/app -c /go/bin/config.json serve]2019/09/04 06:00:46 listen on 3062
time="2019-09-04T06:00:48Z" level=debug msg="dial tcp 172.19.0.3:5432: connect: connection refused, Stackframe: [context.go:47 context.go:92 context.go:61 router.go:37 server.go:1995 mux.go:212 serve.go:21 logging.go:45 server.go:2774 server.go:1878 asm_amd64.s:1337]"
172.19.0.6 - - [04/Sep/2019:06:00:48 +0000] "POST /v1/auth HTTP/1.1" 400 176 "" "PostmanRuntime/6.2.5"
2019/09/04 06:00:48 ResponseBody:{"errors":[{"code":400,"detail":"dial tcp 172.19.0.3:5432: connect: connection refused","meta":{"file":"/go/src/gitlab.com/zxtang/merchant/application/router.go","line":39}}]}
2019/09/04 07:38:41 auth create result body: <head>
<title>Error response</title>
</head>
<body>
<h1>Error response</h1>
<p>Error code 400.
<p>Message: Bad Request.
</body>

time="2019-09-04T07:38:41Z" level=debug msg="invalid character '<' looking for beginning of value, Stackframe: [httpAuthAdapter.go:77 httpAuthAdapter.go:132 service.go:52 router.go:42 server.go:1995 mux.go:212 serve.go:21 logging.go:45 server.go:2774 server.go:1878 asm_amd64.s:1337]"
172.19.0.6 - - [04/Sep/2019:07:38:41 +0000] "POST /v1/auth HTTP/1.1" 400 180 "" "PostmanRuntime/6.2.5"
2019/09/04 07:38:41 ResponseBody:{"errors":[{"code":400,"detail":"invalid character '\u003c' looking for beginning of value","meta":{"file":"/go/src/gitlab.com/zxtang/merchant/application/router.go","line":44}}]}
[/go/bin/app -c /go/bin/config.json serve]2019/09/04 07:39:09 listen on 3062
time="2019-09-04T07:39:12Z" level=debug msg="dial tcp 172.19.0.6:5432: connect: connection refused, Stackframe: [context.go:47 context.go:92 context.go:61 router.go:37 server.go:1995 mux.go:212 serve.go:21 logging.go:45 server.go:2774 server.go:1878 asm_amd64.s:1337]"
172.19.0.3 - - [04/Sep/2019:07:39:12 +0000] "POST /v1/auth HTTP/1.1" 400 176 "" "PostmanRuntime/6.2.5"
2019/09/04 07:39:12 ResponseBody:{"errors":[{"code":400,"detail":"dial tcp 172.19.0.6:5432: connect: connection refused","meta":{"file":"/go/src/gitlab.com/zxtang/merchant/application/router.go","line":39}}]}
