2019-09-04 04:01:42,621 CRIT Supervisor is running as root.  Privileges were not dropped because no user is specified in the config file.  If you intend to run as root, you can set user=root in the config file to avoid this message.
2019-09-04 04:01:42,622 INFO Included extra file "/etc/supervisor.d/app-serve80.ini" during parsing
2019-09-04 04:01:42,623 INFO Included extra file "/etc/supervisor.d/app-serve8443.ini" during parsing
2019-09-04 04:01:42,644 INFO RPC interface 'supervisor' initialized
2019-09-04 04:01:42,645 CRIT Server 'inet_http_server' running without any HTTP authentication checking
2019-09-04 04:01:42,646 INFO RPC interface 'supervisor' initialized
2019-09-04 04:01:42,647 CRIT Server 'unix_http_server' running without any HTTP authentication checking
2019-09-04 04:01:42,648 INFO supervisord started with pid 1
2019-09-04 04:01:43,654 INFO spawned: 'app-serve8443' with pid 8
2019-09-04 04:01:43,664 INFO spawned: 'app-serve80' with pid 14
2019-09-04 04:01:44,731 INFO success: app-serve8443 entered RUNNING state, process has stayed up for > than 1 seconds (startsecs)
2019-09-04 04:01:44,732 INFO success: app-serve80 entered RUNNING state, process has stayed up for > than 1 seconds (startsecs)
2019-09-04 04:12:52,094 WARN received SIGTERM indicating exit request
2019-09-04 04:12:52,098 INFO waiting for app-serve8443, app-serve80 to die
2019-09-04 04:12:52,100 INFO stopped: app-serve80 (terminated by SIGTERM)
2019-09-04 04:12:52,107 INFO stopped: app-serve8443 (terminated by SIGTERM)
2019-09-04 04:13:13,066 CRIT Supervisor is running as root.  Privileges were not dropped because no user is specified in the config file.  If you intend to run as root, you can set user=root in the config file to avoid this message.
2019-09-04 04:13:13,066 INFO Included extra file "/etc/supervisor.d/app-serve80.ini" during parsing
2019-09-04 04:13:13,067 INFO Included extra file "/etc/supervisor.d/app-serve8443.ini" during parsing
2019-09-04 04:13:13,075 INFO RPC interface 'supervisor' initialized
2019-09-04 04:13:13,076 CRIT Server 'inet_http_server' running without any HTTP authentication checking
2019-09-04 04:13:13,077 INFO RPC interface 'supervisor' initialized
2019-09-04 04:13:13,078 CRIT Server 'unix_http_server' running without any HTTP authentication checking
2019-09-04 04:13:13,078 INFO supervisord started with pid 1
2019-09-04 04:13:14,086 INFO spawned: 'app-serve8443' with pid 8
2019-09-04 04:13:14,094 INFO spawned: 'app-serve80' with pid 9
2019-09-04 04:13:15,115 INFO success: app-serve8443 entered RUNNING state, process has stayed up for > than 1 seconds (startsecs)
2019-09-04 04:13:15,116 INFO success: app-serve80 entered RUNNING state, process has stayed up for > than 1 seconds (startsecs)
2019-09-04 04:17:09,241 WARN received SIGTERM indicating exit request
2019-09-04 04:17:09,242 INFO waiting for app-serve8443, app-serve80 to die
2019-09-04 04:17:09,244 INFO stopped: app-serve80 (terminated by SIGTERM)
2019-09-04 04:17:09,247 INFO stopped: app-serve8443 (terminated by SIGTERM)
2019-09-04 04:17:43,499 CRIT Supervisor is running as root.  Privileges were not dropped because no user is specified in the config file.  If you intend to run as root, you can set user=root in the config file to avoid this message.
2019-09-04 04:17:43,500 INFO Included extra file "/etc/supervisor.d/app-serve80.ini" during parsing
2019-09-04 04:17:43,501 INFO Included extra file "/etc/supervisor.d/app-serve8443.ini" during parsing
2019-09-04 04:17:43,527 INFO RPC interface 'supervisor' initialized
2019-09-04 04:17:43,529 CRIT Server 'inet_http_server' running without any HTTP authentication checking
2019-09-04 04:17:43,531 INFO RPC interface 'supervisor' initialized
2019-09-04 04:17:43,531 CRIT Server 'unix_http_server' running without any HTTP authentication checking
2019-09-04 04:17:43,532 INFO supervisord started with pid 1
2019-09-04 04:17:44,546 INFO spawned: 'app-serve8443' with pid 8
2019-09-04 04:17:44,553 INFO spawned: 'app-serve80' with pid 9
2019-09-04 04:17:45,589 INFO success: app-serve8443 entered RUNNING state, process has stayed up for > than 1 seconds (startsecs)
2019-09-04 04:17:45,590 INFO success: app-serve80 entered RUNNING state, process has stayed up for > than 1 seconds (startsecs)
2019-09-04 06:00:38,553 WARN received SIGTERM indicating exit request
2019-09-04 06:00:38,554 INFO waiting for app-serve8443, app-serve80 to die
2019-09-04 06:00:38,556 INFO stopped: app-serve80 (terminated by SIGTERM)
2019-09-04 06:00:38,563 INFO stopped: app-serve8443 (terminated by SIGTERM)
2019-09-04 06:00:45,618 CRIT Supervisor is running as root.  Privileges were not dropped because no user is specified in the config file.  If you intend to run as root, you can set user=root in the config file to avoid this message.
2019-09-04 06:00:45,619 INFO Included extra file "/etc/supervisor.d/app-serve80.ini" during parsing
2019-09-04 06:00:45,619 INFO Included extra file "/etc/supervisor.d/app-serve8443.ini" during parsing
2019-09-04 06:00:45,639 INFO RPC interface 'supervisor' initialized
2019-09-04 06:00:45,640 CRIT Server 'inet_http_server' running without any HTTP authentication checking
2019-09-04 06:00:45,642 INFO RPC interface 'supervisor' initialized
2019-09-04 06:00:45,643 CRIT Server 'unix_http_server' running without any HTTP authentication checking
2019-09-04 06:00:45,644 INFO supervisord started with pid 1
2019-09-04 06:00:46,651 INFO spawned: 'app-serve8443' with pid 7
2019-09-04 06:00:46,661 INFO spawned: 'app-serve80' with pid 12
2019-09-04 06:00:47,679 INFO success: app-serve8443 entered RUNNING state, process has stayed up for > than 1 seconds (startsecs)
2019-09-04 06:00:47,680 INFO success: app-serve80 entered RUNNING state, process has stayed up for > than 1 seconds (startsecs)
2019-09-04 07:38:51,807 WARN received SIGTERM indicating exit request
2019-09-04 07:38:51,808 INFO waiting for app-serve8443, app-serve80 to die
2019-09-04 07:38:51,811 INFO stopped: app-serve80 (terminated by SIGTERM)
2019-09-04 07:38:51,814 INFO stopped: app-serve8443 (terminated by SIGTERM)
2019-09-04 07:39:08,911 CRIT Supervisor is running as root.  Privileges were not dropped because no user is specified in the config file.  If you intend to run as root, you can set user=root in the config file to avoid this message.
2019-09-04 07:39:08,911 INFO Included extra file "/etc/supervisor.d/app-serve80.ini" during parsing
2019-09-04 07:39:08,912 INFO Included extra file "/etc/supervisor.d/app-serve8443.ini" during parsing
2019-09-04 07:39:08,933 INFO RPC interface 'supervisor' initialized
2019-09-04 07:39:08,934 CRIT Server 'inet_http_server' running without any HTTP authentication checking
2019-09-04 07:39:08,935 INFO RPC interface 'supervisor' initialized
2019-09-04 07:39:08,935 CRIT Server 'unix_http_server' running without any HTTP authentication checking
2019-09-04 07:39:08,936 INFO supervisord started with pid 1
2019-09-04 07:39:09,948 INFO spawned: 'app-serve8443' with pid 7
2019-09-04 07:39:09,965 INFO spawned: 'app-serve80' with pid 13
2019-09-04 07:39:10,988 INFO success: app-serve8443 entered RUNNING state, process has stayed up for > than 1 seconds (startsecs)
2019-09-04 07:39:10,989 INFO success: app-serve80 entered RUNNING state, process has stayed up for > than 1 seconds (startsecs)
2019-09-04 08:33:56,974 WARN received SIGTERM indicating exit request
2019-09-04 08:33:56,976 INFO waiting for app-serve8443, app-serve80 to die
2019-09-04 08:33:56,978 INFO stopped: app-serve80 (terminated by SIGTERM)
2019-09-04 08:33:56,982 INFO stopped: app-serve8443 (terminated by SIGTERM)
